TimeQuest Timing Analyzer report for Partec
Fri Nov 11 13:29:44 2022
Quartus II 64-Bit Version 13.0.1 Build 232 06/12/2013 Service Pack 1 SJ Web Edition


---------------------
; Table of Contents ;
---------------------
  1. Legal Notice
  2. TimeQuest Timing Analyzer Summary
  3. Parallel Compilation
  4. Clocks
  5. Slow 1200mV 85C Model Fmax Summary
  6. Timing Closure Recommendations
  7. Slow 1200mV 85C Model Setup Summary
  8. Slow 1200mV 85C Model Hold Summary
  9. Slow 1200mV 85C Model Recovery Summary
 10. Slow 1200mV 85C Model Removal Summary
 11. Slow 1200mV 85C Model Minimum Pulse Width Summary
 12. Slow 1200mV 85C Model Setup: 'cl20'
 13. Slow 1200mV 85C Model Hold: 'cl20'
 14. Slow 1200mV 85C Model Minimum Pulse Width: 'cl'
 15. Slow 1200mV 85C Model Minimum Pulse Width: 'cl17'
 16. Slow 1200mV 85C Model Minimum Pulse Width: 'cl19'
 17. Slow 1200mV 85C Model Minimum Pulse Width: 'cl20'
 18. Setup Times
 19. Hold Times
 20. Clock to Output Times
 21. Minimum Clock to Output Times
 22. Slow 1200mV 85C Model Metastability Report
 23. Slow 1200mV 0C Model Fmax Summary
 24. Slow 1200mV 0C Model Setup Summary
 25. Slow 1200mV 0C Model Hold Summary
 26. Slow 1200mV 0C Model Recovery Summary
 27. Slow 1200mV 0C Model Removal Summary
 28. Slow 1200mV 0C Model Minimum Pulse Width Summary
 29. Slow 1200mV 0C Model Setup: 'cl20'
 30. Slow 1200mV 0C Model Hold: 'cl20'
 31. Slow 1200mV 0C Model Minimum Pulse Width: 'cl'
 32. Slow 1200mV 0C Model Minimum Pulse Width: 'cl17'
 33. Slow 1200mV 0C Model Minimum Pulse Width: 'cl19'
 34. Slow 1200mV 0C Model Minimum Pulse Width: 'cl20'
 35. Setup Times
 36. Hold Times
 37. Clock to Output Times
 38. Minimum Clock to Output Times
 39. Slow 1200mV 0C Model Metastability Report
 40. Fast 1200mV 0C Model Setup Summary
 41. Fast 1200mV 0C Model Hold Summary
 42. Fast 1200mV 0C Model Recovery Summary
 43. Fast 1200mV 0C Model Removal Summary
 44. Fast 1200mV 0C Model Minimum Pulse Width Summary
 45. Fast 1200mV 0C Model Setup: 'cl20'
 46. Fast 1200mV 0C Model Hold: 'cl20'
 47. Fast 1200mV 0C Model Minimum Pulse Width: 'cl'
 48. Fast 1200mV 0C Model Minimum Pulse Width: 'cl20'
 49. Fast 1200mV 0C Model Minimum Pulse Width: 'cl17'
 50. Fast 1200mV 0C Model Minimum Pulse Width: 'cl19'
 51. Setup Times
 52. Hold Times
 53. Clock to Output Times
 54. Minimum Clock to Output Times
 55. Fast 1200mV 0C Model Metastability Report
 56. Multicorner Timing Analysis Summary
 57. Setup Times
 58. Hold Times
 59. Clock to Output Times
 60. Minimum Clock to Output Times
 61. Board Trace Model Assignments
 62. Input Transition Times
 63. Slow Corner Signal Integrity Metrics
 64. Fast Corner Signal Integrity Metrics
 65. Setup Transfers
 66. Hold Transfers
 67. Report TCCS
 68. Report RSKM
 69. Unconstrained Paths
 70. TimeQuest Timing Analyzer Messages



----------------
; Legal Notice ;
----------------
Copyright (C) 1991-2013 Altera Corporation
Your use of Altera Corporation's design tools, logic functions 
and other software and tools, and its AMPP partner logic 
functions, and any output files from any of the foregoing 
(including device programming or simulation files), and any 
associated documentation or information are expressly subject 
to the terms and conditions of the Altera Program License 
Subscription Agreement, Altera MegaCore Function License 
Agreement, or other applicable license agreement, including, 
without limitation, that your use is for the sole purpose of 
programming logic devices manufactured by Altera and sold by 
Altera or its authorized distributors.  Please refer to the 
applicable agreement for further details.



+----------------------------------------------------------------------------------------+
; TimeQuest Timing Analyzer Summary                                                      ;
+--------------------+-------------------------------------------------------------------+
; Quartus II Version ; Version 13.0.1 Build 232 06/12/2013 Service Pack 1 SJ Web Edition ;
; Revision Name      ; Partec                                                            ;
; Device Family      ; Cyclone III                                                       ;
; Device Name        ; EP3C120F780C7                                                     ;
; Timing Models      ; Final                                                             ;
; Delay Model        ; Combined                                                          ;
; Rise/Fall Delays   ; Enabled                                                           ;
+--------------------+-------------------------------------------------------------------+


Parallel compilation was disabled, but you have multiple processors available. Enable parallel compilation to reduce compilation time.
+-------------------------------------+
; Parallel Compilation                ;
+----------------------------+--------+
; Processors                 ; Number ;
+----------------------------+--------+
; Number detected on machine ; 4      ;
; Maximum allowed            ; 1      ;
+----------------------------+--------+


+----------------------------------------------------------------------------------------------------------------------------------------------------------------------------------+
; Clocks                                                                                                                                                                           ;
+------------+------+--------+------------+-------+-------+------------+-----------+-------------+-------+--------+-----------+------------+----------+--------+--------+----------+
; Clock Name ; Type ; Period ; Frequency  ; Rise  ; Fall  ; Duty Cycle ; Divide by ; Multiply by ; Phase ; Offset ; Edge List ; Edge Shift ; Inverted ; Master ; Source ; Targets  ;
+------------+------+--------+------------+-------+-------+------------+-----------+-------------+-------+--------+-----------+------------+----------+--------+--------+----------+
; cl         ; Base ; 1.000  ; 1000.0 MHz ; 0.000 ; 0.500 ;            ;           ;             ;       ;        ;           ;            ;          ;        ;        ; { cl }   ;
; cl17       ; Base ; 1.000  ; 1000.0 MHz ; 0.000 ; 0.500 ;            ;           ;             ;       ;        ;           ;            ;          ;        ;        ; { cl17 } ;
; cl19       ; Base ; 1.000  ; 1000.0 MHz ; 0.000 ; 0.500 ;            ;           ;             ;       ;        ;           ;            ;          ;        ;        ; { cl19 } ;
; cl20       ; Base ; 1.000  ; 1000.0 MHz ; 0.000 ; 0.500 ;            ;           ;             ;       ;        ;           ;            ;          ;        ;        ; { cl20 } ;
+------------+------+--------+------------+-------+-------+------------+-----------+-------------+-------+--------+-----------+------------+----------+--------+--------+----------+


--------------------------------------
; Slow 1200mV 85C Model Fmax Summary ;
--------------------------------------
No paths to report.


----------------------------------
; Timing Closure Recommendations ;
----------------------------------
HTML report is unavailable in plain text report export.


+-------------------------------------+
; Slow 1200mV 85C Model Setup Summary ;
+-------+--------+--------------------+
; Clock ; Slack  ; End Point TNS      ;
+-------+--------+--------------------+
; cl20  ; -0.190 ; -0.190             ;
+-------+--------+--------------------+


+------------------------------------+
; Slow 1200mV 85C Model Hold Summary ;
+-------+-------+--------------------+
; Clock ; Slack ; End Point TNS      ;
+-------+-------+--------------------+
; cl20  ; 0.291 ; 0.000              ;
+-------+-------+--------------------+


------------------------------------------
; Slow 1200mV 85C Model Recovery Summary ;
------------------------------------------
No paths to report.


-----------------------------------------
; Slow 1200mV 85C Model Removal Summary ;
-----------------------------------------
No paths to report.


+---------------------------------------------------+
; Slow 1200mV 85C Model Minimum Pulse Width Summary ;
+-------+--------+----------------------------------+
; Clock ; Slack  ; End Point TNS                    ;
+-------+--------+----------------------------------+
; cl    ; -3.000 ; -4.285                           ;
; cl17  ; -3.000 ; -4.285                           ;
; cl19  ; -3.000 ; -4.285                           ;
; cl20  ; -3.000 ; -4.285                           ;
+-------+--------+----------------------------------+


+------------------------------------------------------------------------------------------------------------------+
; Slow 1200mV 85C Model Setup: 'cl20'                                                                              ;
+--------+-----------------+-----------------+--------------+-------------+--------------+------------+------------+
; Slack  ; From Node       ; To Node         ; Launch Clock ; Latch Clock ; Relationship ; Clock Skew ; Data Delay ;
+--------+-----------------+-----------------+--------------+-------------+--------------+------------+------------+
; -0.190 ; PARTEB:inst|Q   ; PARTEB:inst16|Q ; cl           ; cl20        ; 1.000        ; -0.088     ; 1.090      ;
; -0.159 ; PARTEB:inst14|Q ; PARTEB:inst16|Q ; cl19         ; cl20        ; 1.000        ; -0.028     ; 1.119      ;
; 0.250  ; PARTEB:inst13|Q ; PARTEB:inst16|Q ; cl17         ; cl20        ; 1.000        ; 0.214      ; 0.952      ;
+--------+-----------------+-----------------+--------------+-------------+--------------+------------+------------+


+-----------------------------------------------------------------------------------------------------------------+
; Slow 1200mV 85C Model Hold: 'cl20'                                                                              ;
+-------+-----------------+-----------------+--------------+-------------+--------------+------------+------------+
; Slack ; From Node       ; To Node         ; Launch Clock ; Latch Clock ; Relationship ; Clock Skew ; Data Delay ;
+-------+-----------------+-----------------+--------------+-------------+--------------+------------+------------+
; 0.291 ; PARTEB:inst13|Q ; PARTEB:inst16|Q ; cl17         ; cl20        ; 0.000        ; 0.370      ; 0.877      ;
; 0.553 ; PARTEB:inst14|Q ; PARTEB:inst16|Q ; cl19         ; cl20        ; 0.000        ; 0.136      ; 0.905      ;
; 0.687 ; PARTEB:inst|Q   ; PARTEB:inst16|Q ; cl           ; cl20        ; 0.000        ; 0.080      ; 0.983      ;
+-------+-----------------+-----------------+--------------+-------------+--------------+------------+------------+


+------------------------------------------------------------------------------------------------+
; Slow 1200mV 85C Model Minimum Pulse Width: 'cl'                                                ;
+--------+--------------+----------------+------------------+-------+------------+---------------+
; Slack  ; Actual Width ; Required Width ; Type             ; Clock ; Clock Edge ; Target        ;
+--------+--------------+----------------+------------------+-------+------------+---------------+
; -3.000 ; 1.000        ; 4.000          ; Port Rate        ; cl    ; Rise       ; cl            ;
; -1.285 ; 1.000        ; 2.285          ; Min Period       ; cl    ; Rise       ; PARTEB:inst|Q ;
; 0.295  ; 0.515        ; 0.220          ; High Pulse Width ; cl    ; Rise       ; PARTEB:inst|Q ;
; 0.295  ; 0.483        ; 0.188          ; Low Pulse Width  ; cl    ; Rise       ; PARTEB:inst|Q ;
; 0.395  ; 0.395        ; 0.000          ; Low Pulse Width  ; cl    ; Rise       ; cl~input|o    ;
; 0.447  ; 0.447        ; 0.000          ; Low Pulse Width  ; cl    ; Rise       ; inst|Q|clk    ;
; 0.500  ; 0.500        ; 0.000          ; High Pulse Width ; cl    ; Rise       ; cl~input|i    ;
; 0.500  ; 0.500        ; 0.000          ; Low Pulse Width  ; cl    ; Rise       ; cl~input|i    ;
; 0.550  ; 0.550        ; 0.000          ; High Pulse Width ; cl    ; Rise       ; inst|Q|clk    ;
; 0.605  ; 0.605        ; 0.000          ; High Pulse Width ; cl    ; Rise       ; cl~input|o    ;
+--------+--------------+----------------+------------------+-------+------------+---------------+


+--------------------------------------------------------------------------------------------------+
; Slow 1200mV 85C Model Minimum Pulse Width: 'cl17'                                                ;
+--------+--------------+----------------+------------------+-------+------------+-----------------+
; Slack  ; Actual Width ; Required Width ; Type             ; Clock ; Clock Edge ; Target          ;
+--------+--------------+----------------+------------------+-------+------------+-----------------+
; -3.000 ; 1.000        ; 4.000          ; Port Rate        ; cl17  ; Rise       ; cl17            ;
; -1.285 ; 1.000        ; 2.285          ; Min Period       ; cl17  ; Rise       ; PARTEB:inst13|Q ;
; 0.267  ; 0.455        ; 0.188          ; Low Pulse Width  ; cl17  ; Rise       ; PARTEB:inst13|Q ;
; 0.325  ; 0.545        ; 0.220          ; High Pulse Width ; cl17  ; Rise       ; PARTEB:inst13|Q ;
; 0.395  ; 0.395        ; 0.000          ; Low Pulse Width  ; cl17  ; Rise       ; cl17~input|o    ;
; 0.419  ; 0.419        ; 0.000          ; Low Pulse Width  ; cl17  ; Rise       ; inst13|Q|clk    ;
; 0.500  ; 0.500        ; 0.000          ; High Pulse Width ; cl17  ; Rise       ; cl17~input|i    ;
; 0.500  ; 0.500        ; 0.000          ; Low Pulse Width  ; cl17  ; Rise       ; cl17~input|i    ;
; 0.580  ; 0.580        ; 0.000          ; High Pulse Width ; cl17  ; Rise       ; inst13|Q|clk    ;
; 0.605  ; 0.605        ; 0.000          ; High Pulse Width ; cl17  ; Rise       ; cl17~input|o    ;
+--------+--------------+----------------+------------------+-------+------------+-----------------+


+--------------------------------------------------------------------------------------------------+
; Slow 1200mV 85C Model Minimum Pulse Width: 'cl19'                                                ;
+--------+--------------+----------------+------------------+-------+------------+-----------------+
; Slack  ; Actual Width ; Required Width ; Type             ; Clock ; Clock Edge ; Target          ;
+--------+--------------+----------------+------------------+-------+------------+-----------------+
; -3.000 ; 1.000        ; 4.000          ; Port Rate        ; cl19  ; Rise       ; cl19            ;
; -1.285 ; 1.000        ; 2.285          ; Min Period       ; cl19  ; Rise       ; PARTEB:inst14|Q ;
; 0.287  ; 0.507        ; 0.220          ; High Pulse Width ; cl19  ; Rise       ; PARTEB:inst14|Q ;
; 0.302  ; 0.490        ; 0.188          ; Low Pulse Width  ; cl19  ; Rise       ; PARTEB:inst14|Q ;
; 0.395  ; 0.395        ; 0.000          ; Low Pulse Width  ; cl19  ; Rise       ; cl19~input|o    ;
; 0.454  ; 0.454        ; 0.000          ; Low Pulse Width  ; cl19  ; Rise       ; inst14|Q|clk    ;
; 0.500  ; 0.500        ; 0.000          ; High Pulse Width ; cl19  ; Rise       ; cl19~input|i    ;
; 0.500  ; 0.500        ; 0.000          ; Low Pulse Width  ; cl19  ; Rise       ; cl19~input|i    ;
; 0.542  ; 0.542        ; 0.000          ; High Pulse Width ; cl19  ; Rise       ; inst14|Q|clk    ;
; 0.605  ; 0.605        ; 0.000          ; High Pulse Width ; cl19  ; Rise       ; cl19~input|o    ;
+--------+--------------+----------------+------------------+-------+------------+-----------------+


+--------------------------------------------------------------------------------------------------+
; Slow 1200mV 85C Model Minimum Pulse Width: 'cl20'                                                ;
+--------+--------------+----------------+------------------+-------+------------+-----------------+
; Slack  ; Actual Width ; Required Width ; Type             ; Clock ; Clock Edge ; Target          ;
+--------+--------------+----------------+------------------+-------+------------+-----------------+
; -3.000 ; 1.000        ; 4.000          ; Port Rate        ; cl20  ; Rise       ; cl20            ;
; -1.285 ; 1.000        ; 2.285          ; Min Period       ; cl20  ; Rise       ; PARTEB:inst16|Q ;
; 0.287  ; 0.475        ; 0.188          ; Low Pulse Width  ; cl20  ; Rise       ; PARTEB:inst16|Q ;
; 0.304  ; 0.524        ; 0.220          ; High Pulse Width ; cl20  ; Rise       ; PARTEB:inst16|Q ;
; 0.395  ; 0.395        ; 0.000          ; Low Pulse Width  ; cl20  ; Rise       ; cl20~input|o    ;
; 0.439  ; 0.439        ; 0.000          ; Low Pulse Width  ; cl20  ; Rise       ; inst16|Q|clk    ;
; 0.500  ; 0.500        ; 0.000          ; High Pulse Width ; cl20  ; Rise       ; cl20~input|i    ;
; 0.500  ; 0.500        ; 0.000          ; Low Pulse Width  ; cl20  ; Rise       ; cl20~input|i    ;
; 0.559  ; 0.559        ; 0.000          ; High Pulse Width ; cl20  ; Rise       ; inst16|Q|clk    ;
; 0.605  ; 0.605        ; 0.000          ; High Pulse Width ; cl20  ; Rise       ; cl20~input|o    ;
+--------+--------------+----------------+------------------+-------+------------+-----------------+


+-----------------------------------------------------------------------+
; Setup Times                                                           ;
+-----------+------------+-------+-------+------------+-----------------+
; Data Port ; Clock Port ; Rise  ; Fall  ; Clock Edge ; Clock Reference ;
+-----------+------------+-------+-------+------------+-----------------+
; D         ; cl         ; 1.887 ; 2.209 ; Rise       ; cl              ;
; D16       ; cl17       ; 2.188 ; 2.511 ; Rise       ; cl17            ;
; D18       ; cl19       ; 2.097 ; 2.397 ; Rise       ; cl19            ;
+-----------+------------+-------+-------+------------+-----------------+


+-------------------------------------------------------------------------+
; Hold Times                                                              ;
+-----------+------------+--------+--------+------------+-----------------+
; Data Port ; Clock Port ; Rise   ; Fall   ; Clock Edge ; Clock Reference ;
+-----------+------------+--------+--------+------------+-----------------+
; D         ; cl         ; -1.482 ; -1.783 ; Rise       ; cl              ;
; D16       ; cl17       ; -1.796 ; -2.097 ; Rise       ; cl17            ;
; D18       ; cl19       ; -1.689 ; -1.969 ; Rise       ; cl19            ;
+-----------+------------+--------+--------+------------+-----------------+


+-----------------------------------------------------------------------+
; Clock to Output Times                                                 ;
+-----------+------------+-------+-------+------------+-----------------+
; Data Port ; Clock Port ; Rise  ; Fall  ; Clock Edge ; Clock Reference ;
+-----------+------------+-------+-------+------------+-----------------+
; Q         ; cl20       ; 5.598 ; 5.574 ; Rise       ; cl20            ;
+-----------+------------+-------+-------+------------+-----------------+


+-----------------------------------------------------------------------+
; Minimum Clock to Output Times                                         ;
+-----------+------------+-------+-------+------------+-----------------+
; Data Port ; Clock Port ; Rise  ; Fall  ; Clock Edge ; Clock Reference ;
+-----------+------------+-------+-------+------------+-----------------+
; Q         ; cl20       ; 5.478 ; 5.454 ; Rise       ; cl20            ;
+-----------+------------+-------+-------+------------+-----------------+


----------------------------------------------
; Slow 1200mV 85C Model Metastability Report ;
----------------------------------------------
No synchronizer chains to report.


-------------------------------------
; Slow 1200mV 0C Model Fmax Summary ;
-------------------------------------
No paths to report.


+------------------------------------+
; Slow 1200mV 0C Model Setup Summary ;
+-------+--------+-------------------+
; Clock ; Slack  ; End Point TNS     ;
+-------+--------+-------------------+
; cl20  ; -0.058 ; -0.058            ;
+-------+--------+-------------------+


+-----------------------------------+
; Slow 1200mV 0C Model Hold Summary ;
+-------+-------+-------------------+
; Clock ; Slack ; End Point TNS     ;
+-------+-------+-------------------+
; cl20  ; 0.248 ; 0.000             ;
+-------+-------+-------------------+


-----------------------------------------
; Slow 1200mV 0C Model Recovery Summary ;
-----------------------------------------
No paths to report.


----------------------------------------
; Slow 1200mV 0C Model Removal Summary ;
----------------------------------------
No paths to report.


+--------------------------------------------------+
; Slow 1200mV 0C Model Minimum Pulse Width Summary ;
+-------+--------+---------------------------------+
; Clock ; Slack  ; End Point TNS                   ;
+-------+--------+---------------------------------+
; cl    ; -3.000 ; -4.285                          ;
; cl17  ; -3.000 ; -4.285                          ;
; cl19  ; -3.000 ; -4.285                          ;
; cl20  ; -3.000 ; -4.285                          ;
+-------+--------+---------------------------------+


+------------------------------------------------------------------------------------------------------------------+
; Slow 1200mV 0C Model Setup: 'cl20'                                                                               ;
+--------+-----------------+-----------------+--------------+-------------+--------------+------------+------------+
; Slack  ; From Node       ; To Node         ; Launch Clock ; Latch Clock ; Relationship ; Clock Skew ; Data Delay ;
+--------+-----------------+-----------------+--------------+-------------+--------------+------------+------------+
; -0.058 ; PARTEB:inst|Q   ; PARTEB:inst16|Q ; cl           ; cl20        ; 1.000        ; -0.070     ; 0.977      ;
; -0.037 ; PARTEB:inst14|Q ; PARTEB:inst16|Q ; cl19         ; cl20        ; 1.000        ; -0.022     ; 1.004      ;
; 0.345  ; PARTEB:inst13|Q ; PARTEB:inst16|Q ; cl17         ; cl20        ; 1.000        ; 0.211      ; 0.855      ;
+--------+-----------------+-----------------+--------------+-------------+--------------+------------+------------+


+-----------------------------------------------------------------------------------------------------------------+
; Slow 1200mV 0C Model Hold: 'cl20'                                                                               ;
+-------+-----------------+-----------------+--------------+-------------+--------------+------------+------------+
; Slack ; From Node       ; To Node         ; Launch Clock ; Latch Clock ; Relationship ; Clock Skew ; Data Delay ;
+-------+-----------------+-----------------+--------------+-------------+--------------+------------+------------+
; 0.248 ; PARTEB:inst13|Q ; PARTEB:inst16|Q ; cl17         ; cl20        ; 0.000        ; 0.353      ; 0.802      ;
; 0.499 ; PARTEB:inst14|Q ; PARTEB:inst16|Q ; cl19         ; cl20        ; 0.000        ; 0.127      ; 0.827      ;
; 0.629 ; PARTEB:inst|Q   ; PARTEB:inst16|Q ; cl           ; cl20        ; 0.000        ; 0.082      ; 0.912      ;
+-------+-----------------+-----------------+--------------+-------------+--------------+------------+------------+


+------------------------------------------------------------------------------------------------+
; Slow 1200mV 0C Model Minimum Pulse Width: 'cl'                                                 ;
+--------+--------------+----------------+------------------+-------+------------+---------------+
; Slack  ; Actual Width ; Required Width ; Type             ; Clock ; Clock Edge ; Target        ;
+--------+--------------+----------------+------------------+-------+------------+---------------+
; -3.000 ; 1.000        ; 4.000          ; Port Rate        ; cl    ; Rise       ; cl            ;
; -1.285 ; 1.000        ; 2.285          ; Min Period       ; cl    ; Rise       ; PARTEB:inst|Q ;
; 0.259  ; 0.477        ; 0.218          ; High Pulse Width ; cl    ; Rise       ; PARTEB:inst|Q ;
; 0.332  ; 0.518        ; 0.186          ; Low Pulse Width  ; cl    ; Rise       ; PARTEB:inst|Q ;
; 0.395  ; 0.395        ; 0.000          ; Low Pulse Width  ; cl    ; Rise       ; cl~input|o    ;
; 0.480  ; 0.480        ; 0.000          ; Low Pulse Width  ; cl    ; Rise       ; inst|Q|clk    ;
; 0.500  ; 0.500        ; 0.000          ; High Pulse Width ; cl    ; Rise       ; cl~input|i    ;
; 0.500  ; 0.500        ; 0.000          ; Low Pulse Width  ; cl    ; Rise       ; cl~input|i    ;
; 0.517  ; 0.517        ; 0.000          ; High Pulse Width ; cl    ; Rise       ; inst|Q|clk    ;
; 0.605  ; 0.605        ; 0.000          ; High Pulse Width ; cl    ; Rise       ; cl~input|o    ;
+--------+--------------+----------------+------------------+-------+------------+---------------+


+--------------------------------------------------------------------------------------------------+
; Slow 1200mV 0C Model Minimum Pulse Width: 'cl17'                                                 ;
+--------+--------------+----------------+------------------+-------+------------+-----------------+
; Slack  ; Actual Width ; Required Width ; Type             ; Clock ; Clock Edge ; Target          ;
+--------+--------------+----------------+------------------+-------+------------+-----------------+
; -3.000 ; 1.000        ; 4.000          ; Port Rate        ; cl17  ; Rise       ; cl17            ;
; -1.285 ; 1.000        ; 2.285          ; Min Period       ; cl17  ; Rise       ; PARTEB:inst13|Q ;
; 0.295  ; 0.481        ; 0.186          ; Low Pulse Width  ; cl17  ; Rise       ; PARTEB:inst13|Q ;
; 0.297  ; 0.515        ; 0.218          ; High Pulse Width ; cl17  ; Rise       ; PARTEB:inst13|Q ;
; 0.395  ; 0.395        ; 0.000          ; Low Pulse Width  ; cl17  ; Rise       ; cl17~input|o    ;
; 0.443  ; 0.443        ; 0.000          ; Low Pulse Width  ; cl17  ; Rise       ; inst13|Q|clk    ;
; 0.500  ; 0.500        ; 0.000          ; High Pulse Width ; cl17  ; Rise       ; cl17~input|i    ;
; 0.500  ; 0.500        ; 0.000          ; Low Pulse Width  ; cl17  ; Rise       ; cl17~input|i    ;
; 0.555  ; 0.555        ; 0.000          ; High Pulse Width ; cl17  ; Rise       ; inst13|Q|clk    ;
; 0.605  ; 0.605        ; 0.000          ; High Pulse Width ; cl17  ; Rise       ; cl17~input|o    ;
+--------+--------------+----------------+------------------+-------+------------+-----------------+


+--------------------------------------------------------------------------------------------------+
; Slow 1200mV 0C Model Minimum Pulse Width: 'cl19'                                                 ;
+--------+--------------+----------------+------------------+-------+------------+-----------------+
; Slack  ; Actual Width ; Required Width ; Type             ; Clock ; Clock Edge ; Target          ;
+--------+--------------+----------------+------------------+-------+------------+-----------------+
; -3.000 ; 1.000        ; 4.000          ; Port Rate        ; cl19  ; Rise       ; cl19            ;
; -1.285 ; 1.000        ; 2.285          ; Min Period       ; cl19  ; Rise       ; PARTEB:inst14|Q ;
; 0.250  ; 0.468        ; 0.218          ; High Pulse Width ; cl19  ; Rise       ; PARTEB:inst14|Q ;
; 0.341  ; 0.527        ; 0.186          ; Low Pulse Width  ; cl19  ; Rise       ; PARTEB:inst14|Q ;
; 0.395  ; 0.395        ; 0.000          ; Low Pulse Width  ; cl19  ; Rise       ; cl19~input|o    ;
; 0.489  ; 0.489        ; 0.000          ; Low Pulse Width  ; cl19  ; Rise       ; inst14|Q|clk    ;
; 0.500  ; 0.500        ; 0.000          ; High Pulse Width ; cl19  ; Rise       ; cl19~input|i    ;
; 0.500  ; 0.500        ; 0.000          ; Low Pulse Width  ; cl19  ; Rise       ; cl19~input|i    ;
; 0.508  ; 0.508        ; 0.000          ; High Pulse Width ; cl19  ; Rise       ; inst14|Q|clk    ;
; 0.605  ; 0.605        ; 0.000          ; High Pulse Width ; cl19  ; Rise       ; cl19~input|o    ;
+--------+--------------+----------------+------------------+-------+------------+-----------------+


+--------------------------------------------------------------------------------------------------+
; Slow 1200mV 0C Model Minimum Pulse Width: 'cl20'                                                 ;
+--------+--------------+----------------+------------------+-------+------------+-----------------+
; Slack  ; Actual Width ; Required Width ; Type             ; Clock ; Clock Edge ; Target          ;
+--------+--------------+----------------+------------------+-------+------------+-----------------+
; -3.000 ; 1.000        ; 4.000          ; Port Rate        ; cl20  ; Rise       ; cl20            ;
; -1.285 ; 1.000        ; 2.285          ; Min Period       ; cl20  ; Rise       ; PARTEB:inst16|Q ;
; 0.261  ; 0.479        ; 0.218          ; High Pulse Width ; cl20  ; Rise       ; PARTEB:inst16|Q ;
; 0.331  ; 0.517        ; 0.186          ; Low Pulse Width  ; cl20  ; Rise       ; PARTEB:inst16|Q ;
; 0.395  ; 0.395        ; 0.000          ; Low Pulse Width  ; cl20  ; Rise       ; cl20~input|o    ;
; 0.479  ; 0.479        ; 0.000          ; Low Pulse Width  ; cl20  ; Rise       ; inst16|Q|clk    ;
; 0.500  ; 0.500        ; 0.000          ; High Pulse Width ; cl20  ; Rise       ; cl20~input|i    ;
; 0.500  ; 0.500        ; 0.000          ; Low Pulse Width  ; cl20  ; Rise       ; cl20~input|i    ;
; 0.519  ; 0.519        ; 0.000          ; High Pulse Width ; cl20  ; Rise       ; inst16|Q|clk    ;
; 0.605  ; 0.605        ; 0.000          ; High Pulse Width ; cl20  ; Rise       ; cl20~input|o    ;
+--------+--------------+----------------+------------------+-------+------------+-----------------+


+-----------------------------------------------------------------------+
; Setup Times                                                           ;
+-----------+------------+-------+-------+------------+-----------------+
; Data Port ; Clock Port ; Rise  ; Fall  ; Clock Edge ; Clock Reference ;
+-----------+------------+-------+-------+------------+-----------------+
; D         ; cl         ; 1.570 ; 1.805 ; Rise       ; cl              ;
; D16       ; cl17       ; 1.853 ; 2.089 ; Rise       ; cl17            ;
; D18       ; cl19       ; 1.763 ; 1.965 ; Rise       ; cl19            ;
+-----------+------------+-------+-------+------------+-----------------+


+-------------------------------------------------------------------------+
; Hold Times                                                              ;
+-----------+------------+--------+--------+------------+-----------------+
; Data Port ; Clock Port ; Rise   ; Fall   ; Clock Edge ; Clock Reference ;
+-----------+------------+--------+--------+------------+-----------------+
; D         ; cl         ; -1.209 ; -1.426 ; Rise       ; cl              ;
; D16       ; cl17       ; -1.502 ; -1.720 ; Rise       ; cl17            ;
; D18       ; cl19       ; -1.398 ; -1.583 ; Rise       ; cl19            ;
+-----------+------------+--------+--------+------------+-----------------+


+-----------------------------------------------------------------------+
; Clock to Output Times                                                 ;
+-----------+------------+-------+-------+------------+-----------------+
; Data Port ; Clock Port ; Rise  ; Fall  ; Clock Edge ; Clock Reference ;
+-----------+------------+-------+-------+------------+-----------------+
; Q         ; cl20       ; 5.421 ; 5.361 ; Rise       ; cl20            ;
+-----------+------------+-------+-------+------------+-----------------+


+-----------------------------------------------------------------------+
; Minimum Clock to Output Times                                         ;
+-----------+------------+-------+-------+------------+-----------------+
; Data Port ; Clock Port ; Rise  ; Fall  ; Clock Edge ; Clock Reference ;
+-----------+------------+-------+-------+------------+-----------------+
; Q         ; cl20       ; 5.311 ; 5.253 ; Rise       ; cl20            ;
+-----------+------------+-------+-------+------------+-----------------+


---------------------------------------------
; Slow 1200mV 0C Model Metastability Report ;
---------------------------------------------
No synchronizer chains to report.


+------------------------------------+
; Fast 1200mV 0C Model Setup Summary ;
+-------+-------+--------------------+
; Clock ; Slack ; End Point TNS      ;
+-------+-------+--------------------+
; cl20  ; 0.424 ; 0.000              ;
+-------+-------+--------------------+


+-----------------------------------+
; Fast 1200mV 0C Model Hold Summary ;
+-------+-------+-------------------+
; Clock ; Slack ; End Point TNS     ;
+-------+-------+-------------------+
; cl20  ; 0.076 ; 0.000             ;
+-------+-------+-------------------+


-----------------------------------------
; Fast 1200mV 0C Model Recovery Summary ;
-----------------------------------------
No paths to report.


----------------------------------------
; Fast 1200mV 0C Model Removal Summary ;
----------------------------------------
No paths to report.


+--------------------------------------------------+
; Fast 1200mV 0C Model Minimum Pulse Width Summary ;
+-------+--------+---------------------------------+
; Clock ; Slack  ; End Point TNS                   ;
+-------+--------+---------------------------------+
; cl    ; -3.000 ; -4.088                          ;
; cl20  ; -3.000 ; -4.085                          ;
; cl17  ; -3.000 ; -4.077                          ;
; cl19  ; -3.000 ; -4.070                          ;
+-------+--------+---------------------------------+


+-----------------------------------------------------------------------------------------------------------------+
; Fast 1200mV 0C Model Setup: 'cl20'                                                                              ;
+-------+-----------------+-----------------+--------------+-------------+--------------+------------+------------+
; Slack ; From Node       ; To Node         ; Launch Clock ; Latch Clock ; Relationship ; Clock Skew ; Data Delay ;
+-------+-----------------+-----------------+--------------+-------------+--------------+------------+------------+
; 0.424 ; PARTEB:inst|Q   ; PARTEB:inst16|Q ; cl           ; cl20        ; 1.000        ; -0.034     ; 0.519      ;
; 0.426 ; PARTEB:inst14|Q ; PARTEB:inst16|Q ; cl19         ; cl20        ; 1.000        ; -0.018     ; 0.533      ;
; 0.635 ; PARTEB:inst13|Q ; PARTEB:inst16|Q ; cl17         ; cl20        ; 1.000        ; 0.117      ; 0.459      ;
+-------+-----------------+-----------------+--------------+-------------+--------------+------------+------------+


+-----------------------------------------------------------------------------------------------------------------+
; Fast 1200mV 0C Model Hold: 'cl20'                                                                               ;
+-------+-----------------+-----------------+--------------+-------------+--------------+------------+------------+
; Slack ; From Node       ; To Node         ; Launch Clock ; Latch Clock ; Relationship ; Clock Skew ; Data Delay ;
+-------+-----------------+-----------------+--------------+-------------+--------------+------------+------------+
; 0.076 ; PARTEB:inst13|Q ; PARTEB:inst16|Q ; cl17         ; cl20        ; 0.000        ; 0.197      ; 0.387      ;
; 0.237 ; PARTEB:inst14|Q ; PARTEB:inst16|Q ; cl19         ; cl20        ; 0.000        ; 0.065      ; 0.416      ;
; 0.274 ; PARTEB:inst|Q   ; PARTEB:inst16|Q ; cl           ; cl20        ; 0.000        ; 0.051      ; 0.439      ;
+-------+-----------------+-----------------+--------------+-------------+--------------+------------+------------+


+------------------------------------------------------------------------------------------------+
; Fast 1200mV 0C Model Minimum Pulse Width: 'cl'                                                 ;
+--------+--------------+----------------+------------------+-------+------------+---------------+
; Slack  ; Actual Width ; Required Width ; Type             ; Clock ; Clock Edge ; Target        ;
+--------+--------------+----------------+------------------+-------+------------+---------------+
; -3.000 ; 1.000        ; 4.000          ; Port Rate        ; cl    ; Rise       ; cl            ;
; -1.000 ; 1.000        ; 2.000          ; Min Period       ; cl    ; Rise       ; PARTEB:inst|Q ;
; -0.088 ; 0.096        ; 0.184          ; Low Pulse Width  ; cl    ; Rise       ; PARTEB:inst|Q ;
; 0.092  ; 0.092        ; 0.000          ; Low Pulse Width  ; cl    ; Rise       ; inst|Q|clk    ;
; 0.123  ; 0.123        ; 0.000          ; Low Pulse Width  ; cl    ; Rise       ; cl~input|o    ;
; 0.500  ; 0.500        ; 0.000          ; High Pulse Width ; cl    ; Rise       ; cl~input|i    ;
; 0.500  ; 0.500        ; 0.000          ; Low Pulse Width  ; cl    ; Rise       ; cl~input|i    ;
; 0.686  ; 0.902        ; 0.216          ; High Pulse Width ; cl    ; Rise       ; PARTEB:inst|Q ;
; 0.877  ; 0.877        ; 0.000          ; High Pulse Width ; cl    ; Rise       ; cl~input|o    ;
; 0.908  ; 0.908        ; 0.000          ; High Pulse Width ; cl    ; Rise       ; inst|Q|clk    ;
+--------+--------------+----------------+------------------+-------+------------+---------------+


+--------------------------------------------------------------------------------------------------+
; Fast 1200mV 0C Model Minimum Pulse Width: 'cl20'                                                 ;
+--------+--------------+----------------+------------------+-------+------------+-----------------+
; Slack  ; Actual Width ; Required Width ; Type             ; Clock ; Clock Edge ; Target          ;
+--------+--------------+----------------+------------------+-------+------------+-----------------+
; -3.000 ; 1.000        ; 4.000          ; Port Rate        ; cl20  ; Rise       ; cl20            ;
; -1.000 ; 1.000        ; 2.000          ; Min Period       ; cl20  ; Rise       ; PARTEB:inst16|Q ;
; -0.085 ; 0.099        ; 0.184          ; Low Pulse Width  ; cl20  ; Rise       ; PARTEB:inst16|Q ;
; 0.094  ; 0.094        ; 0.000          ; Low Pulse Width  ; cl20  ; Rise       ; inst16|Q|clk    ;
; 0.123  ; 0.123        ; 0.000          ; Low Pulse Width  ; cl20  ; Rise       ; cl20~input|o    ;
; 0.500  ; 0.500        ; 0.000          ; High Pulse Width ; cl20  ; Rise       ; cl20~input|i    ;
; 0.500  ; 0.500        ; 0.000          ; Low Pulse Width  ; cl20  ; Rise       ; cl20~input|i    ;
; 0.684  ; 0.900        ; 0.216          ; High Pulse Width ; cl20  ; Rise       ; PARTEB:inst16|Q ;
; 0.877  ; 0.877        ; 0.000          ; High Pulse Width ; cl20  ; Rise       ; cl20~input|o    ;
; 0.905  ; 0.905        ; 0.000          ; High Pulse Width ; cl20  ; Rise       ; inst16|Q|clk    ;
+--------+--------------+----------------+------------------+-------+------------+-----------------+


+--------------------------------------------------------------------------------------------------+
; Fast 1200mV 0C Model Minimum Pulse Width: 'cl17'                                                 ;
+--------+--------------+----------------+------------------+-------+------------+-----------------+
; Slack  ; Actual Width ; Required Width ; Type             ; Clock ; Clock Edge ; Target          ;
+--------+--------------+----------------+------------------+-------+------------+-----------------+
; -3.000 ; 1.000        ; 4.000          ; Port Rate        ; cl17  ; Rise       ; cl17            ;
; -1.000 ; 1.000        ; 2.000          ; Min Period       ; cl17  ; Rise       ; PARTEB:inst13|Q ;
; -0.077 ; 0.107        ; 0.184          ; Low Pulse Width  ; cl17  ; Rise       ; PARTEB:inst13|Q ;
; 0.102  ; 0.102        ; 0.000          ; Low Pulse Width  ; cl17  ; Rise       ; inst13|Q|clk    ;
; 0.123  ; 0.123        ; 0.000          ; Low Pulse Width  ; cl17  ; Rise       ; cl17~input|o    ;
; 0.500  ; 0.500        ; 0.000          ; High Pulse Width ; cl17  ; Rise       ; cl17~input|i    ;
; 0.500  ; 0.500        ; 0.000          ; Low Pulse Width  ; cl17  ; Rise       ; cl17~input|i    ;
; 0.676  ; 0.892        ; 0.216          ; High Pulse Width ; cl17  ; Rise       ; PARTEB:inst13|Q ;
; 0.877  ; 0.877        ; 0.000          ; High Pulse Width ; cl17  ; Rise       ; cl17~input|o    ;
; 0.897  ; 0.897        ; 0.000          ; High Pulse Width ; cl17  ; Rise       ; inst13|Q|clk    ;
+--------+--------------+----------------+------------------+-------+------------+-----------------+


+--------------------------------------------------------------------------------------------------+
; Fast 1200mV 0C Model Minimum Pulse Width: 'cl19'                                                 ;
+--------+--------------+----------------+------------------+-------+------------+-----------------+
; Slack  ; Actual Width ; Required Width ; Type             ; Clock ; Clock Edge ; Target          ;
+--------+--------------+----------------+------------------+-------+------------+-----------------+
; -3.000 ; 1.000        ; 4.000          ; Port Rate        ; cl19  ; Rise       ; cl19            ;
; -1.000 ; 1.000        ; 2.000          ; Min Period       ; cl19  ; Rise       ; PARTEB:inst14|Q ;
; -0.070 ; 0.114        ; 0.184          ; Low Pulse Width  ; cl19  ; Rise       ; PARTEB:inst14|Q ;
; 0.109  ; 0.109        ; 0.000          ; Low Pulse Width  ; cl19  ; Rise       ; inst14|Q|clk    ;
; 0.123  ; 0.123        ; 0.000          ; Low Pulse Width  ; cl19  ; Rise       ; cl19~input|o    ;
; 0.500  ; 0.500        ; 0.000          ; High Pulse Width ; cl19  ; Rise       ; cl19~input|i    ;
; 0.500  ; 0.500        ; 0.000          ; Low Pulse Width  ; cl19  ; Rise       ; cl19~input|i    ;
; 0.669  ; 0.885        ; 0.216          ; High Pulse Width ; cl19  ; Rise       ; PARTEB:inst14|Q ;
; 0.877  ; 0.877        ; 0.000          ; High Pulse Width ; cl19  ; Rise       ; cl19~input|o    ;
; 0.890  ; 0.890        ; 0.000          ; High Pulse Width ; cl19  ; Rise       ; inst14|Q|clk    ;
+--------+--------------+----------------+------------------+-------+------------+-----------------+


+-----------------------------------------------------------------------+
; Setup Times                                                           ;
+-----------+------------+-------+-------+------------+-----------------+
; Data Port ; Clock Port ; Rise  ; Fall  ; Clock Edge ; Clock Reference ;
+-----------+------------+-------+-------+------------+-----------------+
; D         ; cl         ; 1.042 ; 1.609 ; Rise       ; cl              ;
; D16       ; cl17       ; 1.200 ; 1.766 ; Rise       ; cl17            ;
; D18       ; cl19       ; 1.114 ; 1.680 ; Rise       ; cl19            ;
+-----------+------------+-------+-------+------------+-----------------+


+-------------------------------------------------------------------------+
; Hold Times                                                              ;
+-----------+------------+--------+--------+------------+-----------------+
; Data Port ; Clock Port ; Rise   ; Fall   ; Clock Edge ; Clock Reference ;
+-----------+------------+--------+--------+------------+-----------------+
; D         ; cl         ; -0.844 ; -1.398 ; Rise       ; cl              ;
; D16       ; cl17       ; -1.007 ; -1.560 ; Rise       ; cl17            ;
; D18       ; cl19       ; -0.914 ; -1.468 ; Rise       ; cl19            ;
+-----------+------------+--------+--------+------------+-----------------+


+-----------------------------------------------------------------------+
; Clock to Output Times                                                 ;
+-----------+------------+-------+-------+------------+-----------------+
; Data Port ; Clock Port ; Rise  ; Fall  ; Clock Edge ; Clock Reference ;
+-----------+------------+-------+-------+------------+-----------------+
; Q         ; cl20       ; 2.878 ; 2.947 ; Rise       ; cl20            ;
+-----------+------------+-------+-------+------------+-----------------+


+-----------------------------------------------------------------------+
; Minimum Clock to Output Times                                         ;
+-----------+------------+-------+-------+------------+-----------------+
; Data Port ; Clock Port ; Rise  ; Fall  ; Clock Edge ; Clock Reference ;
+-----------+------------+-------+-------+------------+-----------------+
; Q         ; cl20       ; 2.819 ; 2.886 ; Rise       ; cl20            ;
+-----------+------------+-------+-------+------------+-----------------+


---------------------------------------------
; Fast 1200mV 0C Model Metastability Report ;
---------------------------------------------
No synchronizer chains to report.


+------------------------------------------------------------------------------+
; Multicorner Timing Analysis Summary                                          ;
+------------------+--------+-------+----------+---------+---------------------+
; Clock            ; Setup  ; Hold  ; Recovery ; Removal ; Minimum Pulse Width ;
+------------------+--------+-------+----------+---------+---------------------+
; Worst-case Slack ; -0.190 ; 0.076 ; N/A      ; N/A     ; -3.000              ;
;  cl              ; N/A    ; N/A   ; N/A      ; N/A     ; -3.000              ;
;  cl17            ; N/A    ; N/A   ; N/A      ; N/A     ; -3.000              ;
;  cl19            ; N/A    ; N/A   ; N/A      ; N/A     ; -3.000              ;
;  cl20            ; -0.190 ; 0.076 ; N/A      ; N/A     ; -3.000              ;
; Design-wide TNS  ; -0.19  ; 0.0   ; 0.0      ; 0.0     ; -17.14              ;
;  cl              ; N/A    ; N/A   ; N/A      ; N/A     ; -4.285              ;
;  cl17            ; N/A    ; N/A   ; N/A      ; N/A     ; -4.285              ;
;  cl19            ; N/A    ; N/A   ; N/A      ; N/A     ; -4.285              ;
;  cl20            ; -0.190 ; 0.000 ; N/A      ; N/A     ; -4.285              ;
+------------------+--------+-------+----------+---------+---------------------+


+-----------------------------------------------------------------------+
; Setup Times                                                           ;
+-----------+------------+-------+-------+------------+-----------------+
; Data Port ; Clock Port ; Rise  ; Fall  ; Clock Edge ; Clock Reference ;
+-----------+------------+-------+-------+------------+-----------------+
; D         ; cl         ; 1.887 ; 2.209 ; Rise       ; cl              ;
; D16       ; cl17       ; 2.188 ; 2.511 ; Rise       ; cl17            ;
; D18       ; cl19       ; 2.097 ; 2.397 ; Rise       ; cl19            ;
+-----------+------------+-------+-------+------------+-----------------+


+-------------------------------------------------------------------------+
; Hold Times                                                              ;
+-----------+------------+--------+--------+------------+-----------------+
; Data Port ; Clock Port ; Rise   ; Fall   ; Clock Edge ; Clock Reference ;
+-----------+------------+--------+--------+------------+-----------------+
; D         ; cl         ; -0.844 ; -1.398 ; Rise       ; cl              ;
; D16       ; cl17       ; -1.007 ; -1.560 ; Rise       ; cl17            ;
; D18       ; cl19       ; -0.914 ; -1.468 ; Rise       ; cl19            ;
+-----------+------------+--------+--------+------------+-----------------+


+-----------------------------------------------------------------------+
; Clock to Output Times                                                 ;
+-----------+------------+-------+-------+------------+-----------------+
; Data Port ; Clock Port ; Rise  ; Fall  ; Clock Edge ; Clock Reference ;
+-----------+------------+-------+-------+------------+-----------------+
; Q         ; cl20       ; 5.598 ; 5.574 ; Rise       ; cl20            ;
+-----------+------------+-------+-------+------------+-----------------+


+-----------------------------------------------------------------------+
; Minimum Clock to Output Times                                         ;
+-----------+------------+-------+-------+------------+-----------------+
; Data Port ; Clock Port ; Rise  ; Fall  ; Clock Edge ; Clock Reference ;
+-----------+------------+-------+-------+------------+-----------------+
; Q         ; cl20       ; 2.819 ; 2.886 ; Rise       ; cl20            ;
+-----------+------------+-------+-------+------------+-----------------+


+------------------------------------------------------------------------------------------------------------------------------------------------------------------------------------------------------------------------------------------------------------------------------------------------------------------------------------------------------------------------------------------------------------------+
; Board Trace Model Assignments                                                                                                                                                                                                                                                                                                                                                                                    ;
+---------------+--------------+-------------------+-------------------------+-------------------------+---------------+---------------------+----------------+------------------+--------+------------------+------------------------+------------------------+--------------+---------------+-----------------+-------+---------------------+--------------------+---------------+-----------------+-------------+
; Pin           ; I/O Standard ; Near Tline Length ; Near Tline L per Length ; Near Tline C per Length ; Near Series R ; Near Differential R ; Near Pull-up R ; Near Pull-down R ; Near C ; Far Tline Length ; Far Tline L per Length ; Far Tline C per Length ; Far Series R ; Far Pull-up R ; Far Pull-down R ; Far C ; Termination Voltage ; Far Differential R ; EBD File Name ; EBD Signal Name ; EBD Far-end ;
+---------------+--------------+-------------------+-------------------------+-------------------------+---------------+---------------------+----------------+------------------+--------+------------------+------------------------+------------------------+--------------+---------------+-----------------+-------+---------------------+--------------------+---------------+-----------------+-------------+
; Q             ; 2.5 V        ; 0 in              ; 0 H/in                  ; 0 F/in                  ; short         ; -                   ; open           ; open             ; open   ; 0 in             ; 0 H/in                 ; 0 F/in                 ; short        ; open          ; open            ; open  ; 0 V                 ; -                  ; n/a           ; n/a             ; n/a         ;
; Q22           ; 2.5 V        ; 0 in              ; 0 H/in                  ; 0 F/in                  ; short         ; -                   ; open           ; open             ; open   ; 0 in             ; 0 H/in                 ; 0 F/in                 ; short        ; open          ; open            ; open  ; 0 V                 ; -                  ; n/a           ; n/a             ; n/a         ;
; ~ALTERA_DCLK~ ; 2.5 V        ; 0 in              ; 0 H/in                  ; 0 F/in                  ; short         ; -                   ; open           ; open             ; open   ; 0 in             ; 0 H/in                 ; 0 F/in                 ; short        ; open          ; open            ; open  ; 0 V                 ; -                  ; n/a           ; n/a             ; n/a         ;
; ~ALTERA_nCEO~ ; 2.5 V        ; 0 in              ; 0 H/in                  ; 0 F/in                  ; short         ; -                   ; open           ; open             ; open   ; 0 in             ; 0 H/in                 ; 0 F/in                 ; short        ; open          ; open            ; open  ; 0 V                 ; -                  ; n/a           ; n/a             ; n/a         ;
+---------------+--------------+-------------------+-------------------------+-------------------------+---------------+---------------------+----------------+------------------+--------+------------------+------------------------+------------------------+--------------+---------------+-----------------+-------+---------------------+--------------------+---------------+-----------------+-------------+


+----------------------------------------------------------------------------+
; Input Transition Times                                                     ;
+-------------------------+--------------+-----------------+-----------------+
; Pin                     ; I/O Standard ; 10-90 Rise Time ; 90-10 Fall Time ;
+-------------------------+--------------+-----------------+-----------------+
; cl20                    ; 2.5 V        ; 2000 ps         ; 2000 ps         ;
; D16                     ; 2.5 V        ; 2000 ps         ; 2000 ps         ;
; cl17                    ; 2.5 V        ; 2000 ps         ; 2000 ps         ;
; D18                     ; 2.5 V        ; 2000 ps         ; 2000 ps         ;
; cl19                    ; 2.5 V        ; 2000 ps         ; 2000 ps         ;
; D                       ; 2.5 V        ; 2000 ps         ; 2000 ps         ;
; cl                      ; 2.5 V        ; 2000 ps         ; 2000 ps         ;
; ~ALTERA_ASDO_DATA1~     ; 2.5 V        ; 2000 ps         ; 2000 ps         ;
; ~ALTERA_FLASH_nCE_nCSO~ ; 2.5 V        ; 2000 ps         ; 2000 ps         ;
; ~ALTERA_DATA0~          ; 2.5 V        ; 2000 ps         ; 2000 ps         ;
+-------------------------+--------------+-----------------+-----------------+


+--------------------------------------------------------------------------------------------------------------------------------------------------------------------------------------------------------------------------------------------------------------------------------------------------------------------------------------------------------------------------------------------------------------------------------------------------------------------------------------------------------------------------------------------------------------------------------------------------------------------------------------------------------------------------------------------+
; Slow Corner Signal Integrity Metrics                                                                                                                                                                                                                                                                                                                                                                                                                                                                                                                                                                                                                                                       ;
+---------------+--------------+---------------------+---------------------+------------------------------+------------------------------+---------------------+---------------------+--------------------------------------+--------------------------------------+-----------------------------+-----------------------------+----------------------------+----------------------------+-----------------------------+-----------------------------+--------------------+--------------------+-------------------------------------+-------------------------------------+----------------------------+----------------------------+---------------------------+---------------------------+
; Pin           ; I/O Standard ; Board Delay on Rise ; Board Delay on Fall ; Steady State Voh at FPGA Pin ; Steady State Vol at FPGA Pin ; Voh Max at FPGA Pin ; Vol Min at FPGA Pin ; Ringback Voltage on Rise at FPGA Pin ; Ringback Voltage on Fall at FPGA Pin ; 10-90 Rise Time at FPGA Pin ; 90-10 Fall Time at FPGA Pin ; Monotonic Rise at FPGA Pin ; Monotonic Fall at FPGA Pin ; Steady State Voh at Far-end ; Steady State Vol at Far-end ; Voh Max at Far-end ; Vol Min at Far-end ; Ringback Voltage on Rise at Far-end ; Ringback Voltage on Fall at Far-end ; 10-90 Rise Time at Far-end ; 90-10 Fall Time at Far-end ; Monotonic Rise at Far-end ; Monotonic Fall at Far-end ;
+---------------+--------------+---------------------+---------------------+------------------------------+------------------------------+---------------------+---------------------+--------------------------------------+--------------------------------------+-----------------------------+-----------------------------+----------------------------+----------------------------+-----------------------------+-----------------------------+--------------------+--------------------+-------------------------------------+-------------------------------------+----------------------------+----------------------------+---------------------------+---------------------------+
; Q             ; 2.5 V        ; 0 s                 ; 0 s                 ; 2.32 V                       ; 5.43e-07 V                   ; 2.35 V              ; -0.00795 V          ; 0.123 V                              ; 0.028 V                              ; 4.64e-10 s                  ; 4.47e-10 s                  ; Yes                        ; Yes                        ; 2.32 V                      ; 5.43e-07 V                  ; 2.35 V             ; -0.00795 V         ; 0.123 V                             ; 0.028 V                             ; 4.64e-10 s                 ; 4.47e-10 s                 ; Yes                       ; Yes                       ;
; Q22           ; 2.5 V        ; 0 s                 ; 0 s                 ; 2.32 V                       ; 3.66e-07 V                   ; 2.35 V              ; -0.00828 V          ; 0.118 V                              ; 0.032 V                              ; 6.66e-10 s                  ; 6.27e-10 s                  ; Yes                        ; Yes                        ; 2.32 V                      ; 3.66e-07 V                  ; 2.35 V             ; -0.00828 V         ; 0.118 V                             ; 0.032 V                             ; 6.66e-10 s                 ; 6.27e-10 s                 ; Yes                       ; Yes                       ;
; ~ALTERA_DCLK~ ; 2.5 V        ; 0 s                 ; 0 s                 ; 2.32 V                       ; 2.92e-07 V                   ; 2.35 V              ; -0.0133 V           ; 0.084 V                              ; 0.028 V                              ; 4.31e-10 s                  ; 3.59e-10 s                  ; Yes                        ; Yes                        ; 2.32 V                      ; 2.92e-07 V                  ; 2.35 V             ; -0.0133 V          ; 0.084 V                             ; 0.028 V                             ; 4.31e-10 s                 ; 3.59e-10 s                 ; Yes                       ; Yes                       ;
; ~ALTERA_nCEO~ ; 2.5 V        ; 0 s                 ; 0 s                 ; 2.32 V                       ; 4.8e-07 V                    ; 2.35 V              ; -0.00679 V          ; 0.09 V                               ; 0.045 V                              ; 6.2e-10 s                   ; 7.91e-10 s                  ; Yes                        ; Yes                        ; 2.32 V                      ; 4.8e-07 V                   ; 2.35 V             ; -0.00679 V         ; 0.09 V                              ; 0.045 V                             ; 6.2e-10 s                  ; 7.91e-10 s                 ; Yes                       ; Yes                       ;
+---------------+--------------+---------------------+---------------------+------------------------------+------------------------------+---------------------+---------------------+--------------------------------------+--------------------------------------+-----------------------------+-----------------------------+----------------------------+----------------------------+-----------------------------+-----------------------------+--------------------+--------------------+-------------------------------------+-------------------------------------+----------------------------+----------------------------+---------------------------+---------------------------+


+--------------------------------------------------------------------------------------------------------------------------------------------------------------------------------------------------------------------------------------------------------------------------------------------------------------------------------------------------------------------------------------------------------------------------------------------------------------------------------------------------------------------------------------------------------------------------------------------------------------------------------------------------------------------------------------------+
; Fast Corner Signal Integrity Metrics                                                                                                                                                                                                                                                                                                                                                                                                                                                                                                                                                                                                                                                       ;
+---------------+--------------+---------------------+---------------------+------------------------------+------------------------------+---------------------+---------------------+--------------------------------------+--------------------------------------+-----------------------------+-----------------------------+----------------------------+----------------------------+-----------------------------+-----------------------------+--------------------+--------------------+-------------------------------------+-------------------------------------+----------------------------+----------------------------+---------------------------+---------------------------+
; Pin           ; I/O Standard ; Board Delay on Rise ; Board Delay on Fall ; Steady State Voh at FPGA Pin ; Steady State Vol at FPGA Pin ; Voh Max at FPGA Pin ; Vol Min at FPGA Pin ; Ringback Voltage on Rise at FPGA Pin ; Ringback Voltage on Fall at FPGA Pin ; 10-90 Rise Time at FPGA Pin ; 90-10 Fall Time at FPGA Pin ; Monotonic Rise at FPGA Pin ; Monotonic Fall at FPGA Pin ; Steady State Voh at Far-end ; Steady State Vol at Far-end ; Voh Max at Far-end ; Vol Min at Far-end ; Ringback Voltage on Rise at Far-end ; Ringback Voltage on Fall at Far-end ; 10-90 Rise Time at Far-end ; 90-10 Fall Time at Far-end ; Monotonic Rise at Far-end ; Monotonic Fall at Far-end ;
+---------------+--------------+---------------------+---------------------+------------------------------+------------------------------+---------------------+---------------------+--------------------------------------+--------------------------------------+-----------------------------+-----------------------------+----------------------------+----------------------------+-----------------------------+-----------------------------+--------------------+--------------------+-------------------------------------+-------------------------------------+----------------------------+----------------------------+---------------------------+---------------------------+
; Q             ; 2.5 V        ; 0 s                 ; 0 s                 ; 2.62 V                       ; 4.02e-08 V                   ; 2.71 V              ; -0.0354 V           ; 0.174 V                              ; 0.098 V                              ; 2.73e-10 s                  ; 2.69e-10 s                  ; Yes                        ; Yes                        ; 2.62 V                      ; 4.02e-08 V                  ; 2.71 V             ; -0.0354 V          ; 0.174 V                             ; 0.098 V                             ; 2.73e-10 s                 ; 2.69e-10 s                 ; Yes                       ; Yes                       ;
; Q22           ; 2.5 V        ; 0 s                 ; 0 s                 ; 2.62 V                       ; 2.7e-08 V                    ; 2.71 V              ; -0.0354 V           ; 0.148 V                              ; 0.064 V                              ; 4.51e-10 s                  ; 4.14e-10 s                  ; No                         ; Yes                        ; 2.62 V                      ; 2.7e-08 V                   ; 2.71 V             ; -0.0354 V          ; 0.148 V                             ; 0.064 V                             ; 4.51e-10 s                 ; 4.14e-10 s                 ; No                        ; Yes                       ;
; ~ALTERA_DCLK~ ; 2.5 V        ; 0 s                 ; 0 s                 ; 2.62 V                       ; 2.2e-08 V                    ; 2.74 V              ; -0.061 V            ; 0.159 V                              ; 0.078 V                              ; 2.7e-10 s                   ; 2.2e-10 s                   ; No                         ; Yes                        ; 2.62 V                      ; 2.2e-08 V                   ; 2.74 V             ; -0.061 V           ; 0.159 V                             ; 0.078 V                             ; 2.7e-10 s                  ; 2.2e-10 s                  ; No                        ; Yes                       ;
; ~ALTERA_nCEO~ ; 2.5 V        ; 0 s                 ; 0 s                 ; 2.62 V                       ; 3.52e-08 V                   ; 2.7 V               ; -0.0121 V           ; 0.274 V                              ; 0.034 V                              ; 3.18e-10 s                  ; 4.96e-10 s                  ; No                         ; Yes                        ; 2.62 V                      ; 3.52e-08 V                  ; 2.7 V              ; -0.0121 V          ; 0.274 V                             ; 0.034 V                             ; 3.18e-10 s                 ; 4.96e-10 s                 ; No                        ; Yes                       ;
+---------------+--------------+---------------------+---------------------+------------------------------+------------------------------+---------------------+---------------------+--------------------------------------+--------------------------------------+-----------------------------+-----------------------------+----------------------------+----------------------------+-----------------------------+-----------------------------+--------------------+--------------------+-------------------------------------+-------------------------------------+----------------------------+----------------------------+---------------------------+---------------------------+


+-------------------------------------------------------------------+
; Setup Transfers                                                   ;
+------------+----------+----------+----------+----------+----------+
; From Clock ; To Clock ; RR Paths ; FR Paths ; RF Paths ; FF Paths ;
+------------+----------+----------+----------+----------+----------+
; cl         ; cl20     ; 1        ; 0        ; 0        ; 0        ;
; cl17       ; cl20     ; 1        ; 0        ; 0        ; 0        ;
; cl19       ; cl20     ; 1        ; 0        ; 0        ; 0        ;
+------------+----------+----------+----------+----------+----------+
Entries labeled "false path" only account for clock-to-clock false paths and not path-based false paths. As a result, actual path counts may be lower than reported.


+-------------------------------------------------------------------+
; Hold Transfers                                                    ;
+------------+----------+----------+----------+----------+----------+
; From Clock ; To Clock ; RR Paths ; FR Paths ; RF Paths ; FF Paths ;
+------------+----------+----------+----------+----------+----------+
; cl         ; cl20     ; 1        ; 0        ; 0        ; 0        ;
; cl17       ; cl20     ; 1        ; 0        ; 0        ; 0        ;
; cl19       ; cl20     ; 1        ; 0        ; 0        ; 0        ;
+------------+----------+----------+----------+----------+----------+
Entries labeled "false path" only account for clock-to-clock false paths and not path-based false paths. As a result, actual path counts may be lower than reported.


---------------
; Report TCCS ;
---------------
No dedicated SERDES Transmitter circuitry present in device or used in design


---------------
; Report RSKM ;
---------------
No dedicated SERDES Receiver circuitry present in device or used in design


+------------------------------------------------+
; Unconstrained Paths                            ;
+---------------------------------+-------+------+
; Property                        ; Setup ; Hold ;
+---------------------------------+-------+------+
; Illegal Clocks                  ; 0     ; 0    ;
; Unconstrained Clocks            ; 0     ; 0    ;
; Unconstrained Input Ports       ; 3     ; 3    ;
; Unconstrained Input Port Paths  ; 3     ; 3    ;
; Unconstrained Output Ports      ; 1     ; 1    ;
; Unconstrained Output Port Paths ; 1     ; 1    ;
+---------------------------------+-------+------+


+------------------------------------+
; TimeQuest Timing Analyzer Messages ;
+------------------------------------+
Info: *******************************************************************
Info: Running Quartus II 64-Bit TimeQuest Timing Analyzer
    Info: Version 13.0.1 Build 232 06/12/2013 Service Pack 1 SJ Web Edition
    Info: Processing started: Fri Nov 11 13:29:41 2022
Info: Command: quartus_sta Partec -c Partec
Info: qsta_default_script.tcl version: #1
Warning (20028): Parallel compilation is not licensed and has been disabled
Info (21077): Core supply voltage is 1.2V
Info (21077): Low junction temperature is 0 degrees C
Info (21077): High junction temperature is 85 degrees C
Critical Warning (332012): Synopsys Design Constraints File file not found: 'Partec.sdc'. A Synopsys Design Constraints File is required by the TimeQuest Timing Analyzer to get proper timing constraints. Without it, the Compiler will not properly optimize the design.
Info (332142): No user constrained base clocks found in the design. Calling "derive_clocks -period 1.0"
Info (332105): Deriving Clocks
    Info (332105): create_clock -period 1.000 -name cl20 cl20
    Info (332105): create_clock -period 1.000 -name cl17 cl17
    Info (332105): create_clock -period 1.000 -name cl cl
    Info (332105): create_clock -period 1.000 -name cl19 cl19
Info (332143): No user constrained clock uncertainty found in the design. Calling "derive_clock_uncertainty"
Info (332123): Deriving Clock Uncertainty. Please refer to report_sdc in TimeQuest to see clock uncertainties.
Info: Found TIMEQUEST_REPORT_SCRIPT_INCLUDE_DEFAULT_ANALYSIS = ON
Info: Analyzing Slow 1200mV 85C Model
Info (332140): No fmax paths to report
Critical Warning (332148): Timing requirements not met
    Info (11105): For recommendations on closing timing, run Report Timing Closure Recommendations in the TimeQuest Timing Analyzer.
Info (332146): Worst-case setup slack is -0.190
    Info (332119):     Slack End Point TNS Clock 
    Info (332119): ========= ============= =====================
    Info (332119):    -0.190        -0.190 cl20 
Info (332146): Worst-case hold slack is 0.291
    Info (332119):     Slack End Point TNS Clock 
    Info (332119): ========= ============= =====================
    Info (332119):     0.291         0.000 cl20 
Info (332140): No Recovery paths to report
Info (332140): No Removal paths to report
Info (332146): Worst-case minimum pulse width slack is -3.000
    Info (332119):     Slack End Point TNS Clock 
    Info (332119): ========= ============= =====================
    Info (332119):    -3.000        -4.285 cl 
    Info (332119):    -3.000        -4.285 cl17 
    Info (332119):    -3.000        -4.285 cl19 
    Info (332119):    -3.000        -4.285 cl20 
Info: Analyzing Slow 1200mV 0C Model
Info (334003): Started post-fitting delay annotation
Info (334004): Delay annotation completed successfully
Info (332123): Deriving Clock Uncertainty. Please refer to report_sdc in TimeQuest to see clock uncertainties.
Info (332140): No fmax paths to report
Critical Warning (332148): Timing requirements not met
    Info (11105): For recommendations on closing timing, run Report Timing Closure Recommendations in the TimeQuest Timing Analyzer.
Info (332146): Worst-case setup slack is -0.058
    Info (332119):     Slack End Point TNS Clock 
    Info (332119): ========= ============= =====================
    Info (332119):    -0.058        -0.058 cl20 
Info (332146): Worst-case hold slack is 0.248
    Info (332119):     Slack End Point TNS Clock 
    Info (332119): ========= ============= =====================
    Info (332119):     0.248         0.000 cl20 
Info (332140): No Recovery paths to report
Info (332140): No Removal paths to report
Info (332146): Worst-case minimum pulse width slack is -3.000
    Info (332119):     Slack End Point TNS Clock 
    Info (332119): ========= ============= =====================
    Info (332119):    -3.000        -4.285 cl 
    Info (332119):    -3.000        -4.285 cl17 
    Info (332119):    -3.000        -4.285 cl19 
    Info (332119):    -3.000        -4.285 cl20 
Info: Analyzing Fast 1200mV 0C Model
Info (332123): Deriving Clock Uncertainty. Please refer to report_sdc in TimeQuest to see clock uncertainties.
Info (332146): Worst-case setup slack is 0.424
    Info (332119):     Slack End Point TNS Clock 
    Info (332119): ========= ============= =====================
    Info (332119):     0.424         0.000 cl20 
Info (332146): Worst-case hold slack is 0.076
    Info (332119):     Slack End Point TNS Clock 
    Info (332119): ========= ============= =====================
    Info (332119):     0.076         0.000 cl20 
Info (332140): No Recovery paths to report
Info (332140): No Removal paths to report
Critical Warning (332148): Timing requirements not met
    Info (11105): For recommendations on closing timing, run Report Timing Closure Recommendations in the TimeQuest Timing Analyzer.
Info (332146): Worst-case minimum pulse width slack is -3.000
    Info (332119):     Slack End Point TNS Clock 
    Info (332119): ========= ============= =====================
    Info (332119):    -3.000        -4.088 cl 
    Info (332119):    -3.000        -4.085 cl20 
    Info (332119):    -3.000        -4.077 cl17 
    Info (332119):    -3.000        -4.070 cl19 
Info (332102): Design is not fully constrained for setup requirements
Info (332102): Design is not fully constrained for hold requirements
Info: Quartus II 64-Bit TimeQuest Timing Analyzer was successful. 0 errors, 5 warnings
    Info: Peak virtual memory: 488 megabytes
    Info: Processing ended: Fri Nov 11 13:29:44 2022
    Info: Elapsed time: 00:00:03
    Info: Total CPU time (on all processors): 00:00:03


